[2014-11-21 05:47:02] production.ERROR: exception 'Symfony\Component\HttpKernel\Exception\NotFoundHttpException' in /opt/lampp/htdocs/bur/bootstrap/compiled.php:5680
Stack trace:
#0 /opt/lampp/htdocs/bur/bootstrap/compiled.php(5004): Illuminate\Routing\RouteCollection->match(Object(Illuminate\Http\Request))
#1 /opt/lampp/htdocs/bur/bootstrap/compiled.php(4992): Illuminate\Routing\Router->findRoute(Object(Illuminate\Http\Request))
#2 /opt/lampp/htdocs/bur/bootstrap/compiled.php(4984): Illuminate\Routing\Router->dispatchToRoute(Object(Illuminate\Http\Request))
#3 /opt/lampp/htdocs/bur/bootstrap/compiled.php(715): Illuminate\Routing\Router->dispatch(Object(Illuminate\Http\Request))
#4 /opt/lampp/htdocs/bur/bootstrap/compiled.php(696): Illuminate\Foundation\Application->dispatch(Object(Illuminate\Http\Request))
#5 /opt/lampp/htdocs/bur/bootstrap/compiled.php(7744): Illuminate\Foundation\Application->handle(Object(Illuminate\Http\Request), 1, true)
#6 /opt/lampp/htdocs/bur/bootstrap/compiled.php(8351): Illuminate\Session\Middleware->handle(Object(Illuminate\Http\Request), 1, true)
#7 /opt/lampp/htdocs/bur/bootstrap/compiled.php(8298): Illuminate\Cookie\Queue->handle(Object(Illuminate\Http\Request), 1, true)
#8 /opt/lampp/htdocs/bur/bootstrap/compiled.php(10961): Illuminate\Cookie\Guard->handle(Object(Illuminate\Http\Request), 1, true)
#9 /opt/lampp/htdocs/bur/bootstrap/compiled.php(657): Stack\StackedHttpKernel->handle(Object(Illuminate\Http\Request))
#10 /opt/lampp/htdocs/bur/public/index.php(49): Illuminate\Foundation\Application->run()
#11 {main} [] []
[2014-11-21 06:34:01] production.ERROR: exception 'Symfony\Component\Debug\Exception\FatalErrorException' with message 'syntax error, unexpected '}'' in /opt/lampp/htdocs/bur/app/controllers/comment.php:7
Stack trace:
#0 [internal function]: Illuminate\Exception\Handler->handleShutdown()
#1 {main} [] []
[2014-11-21 06:34:53] production.ERROR: exception 'Symfony\Component\Debug\Exception\FatalErrorException' with message 'Class 'Base_controller' not found' in /opt/lampp/htdocs/bur/app/controllers/comment.php:2
Stack trace:
#0 [internal function]: Illuminate\Exception\Handler->handleShutdown()
#1 {main} [] []
[2014-11-21 06:35:20] production.ERROR: exception 'ReflectionException' with message 'Class comment does not exist' in /opt/lampp/htdocs/bur/bootstrap/compiled.php:235
Stack trace:
#0 /opt/lampp/htdocs/bur/bootstrap/compiled.php(235): ReflectionClass->__construct('comment')
#1 /opt/lampp/htdocs/bur/bootstrap/compiled.php(205): Illuminate\Container\Container->build('comment', Array)
#2 /opt/lampp/htdocs/bur/bootstrap/compiled.php(583): Illuminate\Container\Container->make('comment', Array)
#3 /opt/lampp/htdocs/bur/bootstrap/compiled.php(5771): Illuminate\Foundation\Application->make('comment')
#4 /opt/lampp/htdocs/bur/bootstrap/compiled.php(5760): Illuminate\Routing\ControllerDispatcher->makeController('comment')
#5 /opt/lampp/htdocs/bur/bootstrap/compiled.php(4971): Illuminate\Routing\ControllerDispatcher->dispatch(Object(Illuminate\Routing\Route), Object(Illuminate\Http\Request), 'comment', 'index')
#6 [internal function]: Illuminate\Routing\Router->Illuminate\Routing\{closure}()
#7 /opt/lampp/htdocs/bur/bootstrap/compiled.php(5329): call_user_func_array(Object(Closure), Array)
#8 /opt/lampp/htdocs/bur/bootstrap/compiled.php(4996): Illuminate\Routing\Route->run(Object(Illuminate\Http\Request))
#9 /opt/lampp/htdocs/bur/bootstrap/compiled.php(4984): Illuminate\Routing\Router->dispatchToRoute(Object(Illuminate\Http\Request))
#10 /opt/lampp/htdocs/bur/bootstrap/compiled.php(715): Illuminate\Routing\Router->dispatch(Object(Illuminate\Http\Request))
#11 /opt/lampp/htdocs/bur/bootstrap/compiled.php(696): Illuminate\Foundation\Application->dispatch(Object(Illuminate\Http\Request))
#12 /opt/lampp/htdocs/bur/bootstrap/compiled.php(7744): Illuminate\Foundation\Application->handle(Object(Illuminate\Http\Request), 1, true)
#13 /opt/lampp/htdocs/bur/bootstrap/compiled.php(8351): Illuminate\Session\Middleware->handle(Object(Illuminate\Http\Request), 1, true)
#14 /opt/lampp/htdocs/bur/bootstrap/compiled.php(8298): Illuminate\Cookie\Queue->handle(Object(Illuminate\Http\Request), 1, true)
#15 /opt/lampp/htdocs/bur/bootstrap/compiled.php(10961): Illuminate\Cookie\Guard->handle(Object(Illuminate\Http\Request), 1, true)
#16 /opt/lampp/htdocs/bur/bootstrap/compiled.php(657): Stack\StackedHttpKernel->handle(Object(Illuminate\Http\Request))
#17 /opt/lampp/htdocs/bur/public/index.php(49): Illuminate\Foundation\Application->run()
#18 {main} [] []
[2014-11-21 06:37:01] production.ERROR: exception 'ReflectionException' with message 'Class comment does not exist' in /opt/lampp/htdocs/bur/bootstrap/compiled.php:235
Stack trace:
#0 /opt/lampp/htdocs/bur/bootstrap/compiled.php(235): ReflectionClass->__construct('comment')
#1 /opt/lampp/htdocs/bur/bootstrap/compiled.php(205): Illuminate\Container\Container->build('comment', Array)
#2 /opt/lampp/htdocs/bur/bootstrap/compiled.php(583): Illuminate\Container\Container->make('comment', Array)
#3 /opt/lampp/htdocs/bur/bootstrap/compiled.php(5771): Illuminate\Foundation\Application->make('comment')
#4 /opt/lampp/htdocs/bur/bootstrap/compiled.php(5760): Illuminate\Routing\ControllerDispatcher->makeController('comment')
#5 /opt/lampp/htdocs/bur/bootstrap/compiled.php(4971): Illuminate\Routing\ControllerDispatcher->dispatch(Object(Illuminate\Routing\Route), Object(Illuminate\Http\Request), 'comment', 'index')
#6 [internal function]: Illuminate\Routing\Router->Illuminate\Routing\{closure}()
#7 /opt/lampp/htdocs/bur/bootstrap/compiled.php(5329): call_user_func_array(Object(Closure), Array)
#8 /opt/lampp/htdocs/bur/bootstrap/compiled.php(4996): Illuminate\Routing\Route->run(Object(Illuminate\Http\Request))
#9 /opt/lampp/htdocs/bur/bootstrap/compiled.php(4984): Illuminate\Routing\Router->dispatchToRoute(Object(Illuminate\Http\Request))
#10 /opt/lampp/htdocs/bur/bootstrap/compiled.php(715): Illuminate\Routing\Router->dispatch(Object(Illuminate\Http\Request))
#11 /opt/lampp/htdocs/bur/bootstrap/compiled.php(696): Illuminate\Foundation\Application->dispatch(Object(Illuminate\Http\Request))
#12 /opt/lampp/htdocs/bur/bootstrap/compiled.php(7744): Illuminate\Foundation\Application->handle(Object(Illuminate\Http\Request), 1, true)
#13 /opt/lampp/htdocs/bur/bootstrap/compiled.php(8351): Illuminate\Session\Middleware->handle(Object(Illuminate\Http\Request), 1, true)
#14 /opt/lampp/htdocs/bur/bootstrap/compiled.php(8298): Illuminate\Cookie\Queue->handle(Object(Illuminate\Http\Request), 1, true)
#15 /opt/lampp/htdocs/bur/bootstrap/compiled.php(10961): Illuminate\Cookie\Guard->handle(Object(Illuminate\Http\Request), 1, true)
#16 /opt/lampp/htdocs/bur/bootstrap/compiled.php(657): Stack\StackedHttpKernel->handle(Object(Illuminate\Http\Request))
#17 /opt/lampp/htdocs/bur/public/index.php(49): Illuminate\Foundation\Application->run()
#18 {main} [] []
[2014-11-21 06:37:58] production.ERROR: exception 'ReflectionException' with message 'Class comment does not exist' in /opt/lampp/htdocs/bur/bootstrap/compiled.php:235
Stack trace:
#0 /opt/lampp/htdocs/bur/bootstrap/compiled.php(235): ReflectionClass->__construct('comment')
#1 /opt/lampp/htdocs/bur/bootstrap/compiled.php(205): Illuminate\Container\Container->build('comment', Array)
#2 /opt/lampp/htdocs/bur/bootstrap/compiled.php(583): Illuminate\Container\Container->make('comment', Array)
#3 /opt/lampp/htdocs/bur/bootstrap/compiled.php(5771): Illuminate\Foundation\Application->make('comment')
#4 /opt/lampp/htdocs/bur/bootstrap/compiled.php(5760): Illuminate\Routing\ControllerDispatcher->makeController('comment')
#5 /opt/lampp/htdocs/bur/bootstrap/compiled.php(4971): Illuminate\Routing\ControllerDispatcher->dispatch(Object(Illuminate\Routing\Route), Object(Illuminate\Http\Request), 'comment', 'index')
#6 [internal function]: Illuminate\Routing\Router->Illuminate\Routing\{closure}()
#7 /opt/lampp/htdocs/bur/bootstrap/compiled.php(5329): call_user_func_array(Object(Closure), Array)
#8 /opt/lampp/htdocs/bur/bootstrap/compiled.php(4996): Illuminate\Routing\Route->run(Object(Illuminate\Http\Request))
#9 /opt/lampp/htdocs/bur/bootstrap/compiled.php(4984): Illuminate\Routing\Router->dispatchToRoute(Object(Illuminate\Http\Request))
#10 /opt/lampp/htdocs/bur/bootstrap/compiled.php(715): Illuminate\Routing\Router->dispatch(Object(Illuminate\Http\Request))
#11 /opt/lampp/htdocs/bur/bootstrap/compiled.php(696): Illuminate\Foundation\Application->dispatch(Object(Illuminate\Http\Request))
#12 /opt/lampp/htdocs/bur/bootstrap/compiled.php(7744): Illuminate\Foundation\Application->handle(Object(Illuminate\Http\Request), 1, true)
#13 /opt/lampp/htdocs/bur/bootstrap/compiled.php(8351): Illuminate\Session\Middleware->handle(Object(Illuminate\Http\Request), 1, true)
#14 /opt/lampp/htdocs/bur/bootstrap/compiled.php(8298): Illuminate\Cookie\Queue->handle(Object(Illuminate\Http\Request), 1, true)
#15 /opt/lampp/htdocs/bur/bootstrap/compiled.php(10961): Illuminate\Cookie\Guard->handle(Object(Illuminate\Http\Request), 1, true)
#16 /opt/lampp/htdocs/bur/bootstrap/compiled.php(657): Stack\StackedHttpKernel->handle(Object(Illuminate\Http\Request))
#17 /opt/lampp/htdocs/bur/public/index.php(49): Illuminate\Foundation\Application->run()
#18 {main} [] []
[2014-11-21 06:46:09] production.ERROR: exception 'ReflectionException' with message 'Class comment does not exist' in /opt/lampp/htdocs/bur/bootstrap/compiled.php:235
Stack trace:
#0 /opt/lampp/htdocs/bur/bootstrap/compiled.php(235): ReflectionClass->__construct('comment')
#1 /opt/lampp/htdocs/bur/bootstrap/compiled.php(205): Illuminate\Container\Container->build('comment', Array)
#2 /opt/lampp/htdocs/bur/bootstrap/compiled.php(583): Illuminate\Container\Container->make('comment', Array)
#3 /opt/lampp/htdocs/bur/bootstrap/compiled.php(5771): Illuminate\Foundation\Application->make('comment')
#4 /opt/lampp/htdocs/bur/bootstrap/compiled.php(5760): Illuminate\Routing\ControllerDispatcher->makeController('comment')
#5 /opt/lampp/htdocs/bur/bootstrap/compiled.php(4971): Illuminate\Routing\ControllerDispatcher->dispatch(Object(Illuminate\Routing\Route), Object(Illuminate\Http\Request), 'comment', 'index')
#6 [internal function]: Illuminate\Routing\Router->Illuminate\Routing\{closure}()
#7 /opt/lampp/htdocs/bur/bootstrap/compiled.php(5329): call_user_func_array(Object(Closure), Array)
#8 /opt/lampp/htdocs/bur/bootstrap/compiled.php(4996): Illuminate\Routing\Route->run(Object(Illuminate\Http\Request))
#9 /opt/lampp/htdocs/bur/bootstrap/compiled.php(4984): Illuminate\Routing\Router->dispatchToRoute(Object(Illuminate\Http\Request))
#10 /opt/lampp/htdocs/bur/bootstrap/compiled.php(715): Illuminate\Routing\Router->dispatch(Object(Illuminate\Http\Request))
#11 /opt/lampp/htdocs/bur/bootstrap/compiled.php(696): Illuminate\Foundation\Application->dispatch(Object(Illuminate\Http\Request))
#12 /opt/lampp/htdocs/bur/bootstrap/compiled.php(7744): Illuminate\Foundation\Application->handle(Object(Illuminate\Http\Request), 1, true)
#13 /opt/lampp/htdocs/bur/bootstrap/compiled.php(8351): Illuminate\Session\Middleware->handle(Object(Illuminate\Http\Request), 1, true)
#14 /opt/lampp/htdocs/bur/bootstrap/compiled.php(8298): Illuminate\Cookie\Queue->handle(Object(Illuminate\Http\Request), 1, true)
#15 /opt/lampp/htdocs/bur/bootstrap/compiled.php(10961): Illuminate\Cookie\Guard->handle(Object(Illuminate\Http\Request), 1, true)
#16 /opt/lampp/htdocs/bur/bootstrap/compiled.php(657): Stack\StackedHttpKernel->handle(Object(Illuminate\Http\Request))
#17 /opt/lampp/htdocs/bur/public/index.php(49): Illuminate\Foundation\Application->run()
#18 {main} [] []
[2014-11-21 06:47:13] production.ERROR: exception 'ReflectionException' with message 'Class comment does not exist' in /opt/lampp/htdocs/bur/bootstrap/compiled.php:235
Stack trace:
#0 /opt/lampp/htdocs/bur/bootstrap/compiled.php(235): ReflectionClass->__construct('comment')
#1 /opt/lampp/htdocs/bur/bootstrap/compiled.php(205): Illuminate\Container\Container->build('comment', Array)
#2 /opt/lampp/htdocs/bur/bootstrap/compiled.php(583): Illuminate\Container\Container->make('comment', Array)
#3 /opt/lampp/htdocs/bur/bootstrap/compiled.php(5771): Illuminate\Foundation\Application->make('comment')
#4 /opt/lampp/htdocs/bur/bootstrap/compiled.php(5760): Illuminate\Routing\ControllerDispatcher->makeController('comment')
#5 /opt/lampp/htdocs/bur/bootstrap/compiled.php(4971): Illuminate\Routing\ControllerDispatcher->dispatch(Object(Illuminate\Routing\Route), Object(Illuminate\Http\Request), 'comment', 'index')
#6 [internal function]: Illuminate\Routing\Router->Illuminate\Routing\{closure}()
#7 /opt/lampp/htdocs/bur/bootstrap/compiled.php(5329): call_user_func_array(Object(Closure), Array)
#8 /opt/lampp/htdocs/bur/bootstrap/compiled.php(4996): Illuminate\Routing\Route->run(Object(Illuminate\Http\Request))
#9 /opt/lampp/htdocs/bur/bootstrap/compiled.php(4984): Illuminate\Routing\Router->dispatchToRoute(Object(Illuminate\Http\Request))
#10 /opt/lampp/htdocs/bur/bootstrap/compiled.php(715): Illuminate\Routing\Router->dispatch(Object(Illuminate\Http\Request))
#11 /opt/lampp/htdocs/bur/bootstrap/compiled.php(696): Illuminate\Foundation\Application->dispatch(Object(Illuminate\Http\Request))
#12 /opt/lampp/htdocs/bur/bootstrap/compiled.php(7744): Illuminate\Foundation\Application->handle(Object(Illuminate\Http\Request), 1, true)
#13 /opt/lampp/htdocs/bur/bootstrap/compiled.php(8351): Illuminate\Session\Middleware->handle(Object(Illuminate\Http\Request), 1, true)
#14 /opt/lampp/htdocs/bur/bootstrap/compiled.php(8298): Illuminate\Cookie\Queue->handle(Object(Illuminate\Http\Request), 1, true)
#15 /opt/lampp/htdocs/bur/bootstrap/compiled.php(10961): Illuminate\Cookie\Guard->handle(Object(Illuminate\Http\Request), 1, true)
#16 /opt/lampp/htdocs/bur/bootstrap/compiled.php(657): Stack\StackedHttpKernel->handle(Object(Illuminate\Http\Request))
#17 /opt/lampp/htdocs/bur/public/index.php(49): Illuminate\Foundation\Application->run()
#18 {main} [] []
[2014-11-21 06:55:34] production.ERROR: exception 'ReflectionException' with message 'Class comment does not exist' in /opt/lampp/htdocs/bur/bootstrap/compiled.php:235
Stack trace:
#0 /opt/lampp/htdocs/bur/bootstrap/compiled.php(235): ReflectionClass->__construct('comment')
#1 /opt/lampp/htdocs/bur/bootstrap/compiled.php(205): Illuminate\Container\Container->build('comment', Array)
#2 /opt/lampp/htdocs/bur/bootstrap/compiled.php(583): Illuminate\Container\Container->make('comment', Array)
#3 /opt/lampp/htdocs/bur/bootstrap/compiled.php(5771): Illuminate\Foundation\Application->make('comment')
#4 /opt/lampp/htdocs/bur/bootstrap/compiled.php(5760): Illuminate\Routing\ControllerDispatcher->makeController('comment')
#5 /opt/lampp/htdocs/bur/bootstrap/compiled.php(4971): Illuminate\Routing\ControllerDispatcher->dispatch(Object(Illuminate\Routing\Route), Object(Illuminate\Http\Request), 'comment', 'index')
#6 [internal function]: Illuminate\Routing\Router->Illuminate\Routing\{closure}()
#7 /opt/lampp/htdocs/bur/bootstrap/compiled.php(5329): call_user_func_array(Object(Closure), Array)
#8 /opt/lampp/htdocs/bur/bootstrap/compiled.php(4996): Illuminate\Routing\Route->run(Object(Illuminate\Http\Request))
#9 /opt/lampp/htdocs/bur/bootstrap/compiled.php(4984): Illuminate\Routing\Router->dispatchToRoute(Object(Illuminate\Http\Request))
#10 /opt/lampp/htdocs/bur/bootstrap/compiled.php(715): Illuminate\Routing\Router->dispatch(Object(Illuminate\Http\Request))
#11 /opt/lampp/htdocs/bur/bootstrap/compiled.php(696): Illuminate\Foundation\Application->dispatch(Object(Illuminate\Http\Request))
#12 /opt/lampp/htdocs/bur/bootstrap/compiled.php(7744): Illuminate\Foundation\Application->handle(Object(Illuminate\Http\Request), 1, true)
#13 /opt/lampp/htdocs/bur/bootstrap/compiled.php(8351): Illuminate\Session\Middleware->handle(Object(Illuminate\Http\Request), 1, true)
#14 /opt/lampp/htdocs/bur/bootstrap/compiled.php(8298): Illuminate\Cookie\Queue->handle(Object(Illuminate\Http\Request), 1, true)
#15 /opt/lampp/htdocs/bur/bootstrap/compiled.php(10961): Illuminate\Cookie\Guard->handle(Object(Illuminate\Http\Request), 1, true)
#16 /opt/lampp/htdocs/bur/bootstrap/compiled.php(657): Stack\StackedHttpKernel->handle(Object(Illuminate\Http\Request))
#17 /opt/lampp/htdocs/bur/public/index.php(49): Illuminate\Foundation\Application->run()
#18 {main} [] []
[2014-11-21 06:57:07] production.ERROR: exception 'ReflectionException' with message 'Class comment does not exist' in /opt/lampp/htdocs/bur/bootstrap/compiled.php:235
Stack trace:
#0 /opt/lampp/htdocs/bur/bootstrap/compiled.php(235): ReflectionClass->__construct('comment')
#1 /opt/lampp/htdocs/bur/bootstrap/compiled.php(205): Illuminate\Container\Container->build('comment', Array)
#2 /opt/lampp/htdocs/bur/bootstrap/compiled.php(583): Illuminate\Container\Container->make('comment', Array)
#3 /opt/lampp/htdocs/bur/bootstrap/compiled.php(5771): Illuminate\Foundation\Application->make('comment')
#4 /opt/lampp/htdocs/bur/bootstrap/compiled.php(5760): Illuminate\Routing\ControllerDispatcher->makeController('comment')
#5 /opt/lampp/htdocs/bur/bootstrap/compiled.php(4971): Illuminate\Routing\ControllerDispatcher->dispatch(Object(Illuminate\Routing\Route), Object(Illuminate\Http\Request), 'comment', 'get_index')
#6 [internal function]: Illuminate\Routing\Router->Illuminate\Routing\{closure}()
#7 /opt/lampp/htdocs/bur/bootstrap/compiled.php(5329): call_user_func_array(Object(Closure), Array)
#8 /opt/lampp/htdocs/bur/bootstrap/compiled.php(4996): Illuminate\Routing\Route->run(Object(Illuminate\Http\Request))
#9 /opt/lampp/htdocs/bur/bootstrap/compiled.php(4984): Illuminate\Routing\Router->dispatchToRoute(Object(Illuminate\Http\Request))
#10 /opt/lampp/htdocs/bur/bootstrap/compiled.php(715): Illuminate\Routing\Router->dispatch(Object(Illuminate\Http\Request))
#11 /opt/lampp/htdocs/bur/bootstrap/compiled.php(696): Illuminate\Foundation\Application->dispatch(Object(Illuminate\Http\Request))
#12 /opt/lampp/htdocs/bur/bootstrap/compiled.php(7744): Illuminate\Foundation\Application->handle(Object(Illuminate\Http\Request), 1, true)
#13 /opt/lampp/htdocs/bur/bootstrap/compiled.php(8351): Illuminate\Session\Middleware->handle(Object(Illuminate\Http\Request), 1, true)
#14 /opt/lampp/htdocs/bur/bootstrap/compiled.php(8298): Illuminate\Cookie\Queue->handle(Object(Illuminate\Http\Request), 1, true)
#15 /opt/lampp/htdocs/bur/bootstrap/compiled.php(10961): Illuminate\Cookie\Guard->handle(Object(Illuminate\Http\Request), 1, true)
#16 /opt/lampp/htdocs/bur/bootstrap/compiled.php(657): Stack\StackedHttpKernel->handle(Object(Illuminate\Http\Request))
#17 /opt/lampp/htdocs/bur/public/index.php(49): Illuminate\Foundation\Application->run()
#18 {main} [] []
[2014-11-21 07:00:08] production.ERROR: exception 'Symfony\Component\HttpKernel\Exception\NotFoundHttpException' in /opt/lampp/htdocs/bur/bootstrap/compiled.php:5680
Stack trace:
#0 /opt/lampp/htdocs/bur/bootstrap/compiled.php(5004): Illuminate\Routing\RouteCollection->match(Object(Illuminate\Http\Request))
#1 /opt/lampp/htdocs/bur/bootstrap/compiled.php(4992): Illuminate\Routing\Router->findRoute(Object(Illuminate\Http\Request))
#2 /opt/lampp/htdocs/bur/bootstrap/compiled.php(4984): Illuminate\Routing\Router->dispatchToRoute(Object(Illuminate\Http\Request))
#3 /opt/lampp/htdocs/bur/bootstrap/compiled.php(715): Illuminate\Routing\Router->dispatch(Object(Illuminate\Http\Request))
#4 /opt/lampp/htdocs/bur/bootstrap/compiled.php(696): Illuminate\Foundation\Application->dispatch(Object(Illuminate\Http\Request))
#5 /opt/lampp/htdocs/bur/bootstrap/compiled.php(7744): Illuminate\Foundation\Application->handle(Object(Illuminate\Http\Request), 1, true)
#6 /opt/lampp/htdocs/bur/bootstrap/compiled.php(8351): Illuminate\Session\Middleware->handle(Object(Illuminate\Http\Request), 1, true)
#7 /opt/lampp/htdocs/bur/bootstrap/compiled.php(8298): Illuminate\Cookie\Queue->handle(Object(Illuminate\Http\Request), 1, true)
#8 /opt/lampp/htdocs/bur/bootstrap/compiled.php(10961): Illuminate\Cookie\Guard->handle(Object(Illuminate\Http\Request), 1, true)
#9 /opt/lampp/htdocs/bur/bootstrap/compiled.php(657): Stack\StackedHttpKernel->handle(Object(Illuminate\Http\Request))
#10 /opt/lampp/htdocs/bur/public/index.php(49): Illuminate\Foundation\Application->run()
#11 {main} [] []
[2014-11-21 07:01:59] production.ERROR: exception 'Symfony\Component\HttpKernel\Exception\NotFoundHttpException' in /opt/lampp/htdocs/bur/bootstrap/compiled.php:5680
Stack trace:
#0 /opt/lampp/htdocs/bur/bootstrap/compiled.php(5004): Illuminate\Routing\RouteCollection->match(Object(Illuminate\Http\Request))
#1 /opt/lampp/htdocs/bur/bootstrap/compiled.php(4992): Illuminate\Routing\Router->findRoute(Object(Illuminate\Http\Request))
#2 /opt/lampp/htdocs/bur/bootstrap/compiled.php(4984): Illuminate\Routing\Router->dispatchToRoute(Object(Illuminate\Http\Request))
#3 /opt/lampp/htdocs/bur/bootstrap/compiled.php(715): Illuminate\Routing\Router->dispatch(Object(Illuminate\Http\Request))
#4 /opt/lampp/htdocs/bur/bootstrap/compiled.php(696): Illuminate\Foundation\Application->dispatch(Object(Illuminate\Http\Request))
#5 /opt/lampp/htdocs/bur/bootstrap/compiled.php(7744): Illuminate\Foundation\Application->handle(Object(Illuminate\Http\Request), 1, true)
#6 /opt/lampp/htdocs/bur/bootstrap/compiled.php(8351): Illuminate\Session\Middleware->handle(Object(Illuminate\Http\Request), 1, true)
#7 /opt/lampp/htdocs/bur/bootstrap/compiled.php(8298): Illuminate\Cookie\Queue->handle(Object(Illuminate\Http\Request), 1, true)
#8 /opt/lampp/htdocs/bur/bootstrap/compiled.php(10961): Illuminate\Cookie\Guard->handle(Object(Illuminate\Http\Request), 1, true)
#9 /opt/lampp/htdocs/bur/bootstrap/compiled.php(657): Stack\StackedHttpKernel->handle(Object(Illuminate\Http\Request))
#10 /opt/lampp/htdocs/bur/public/index.php(49): Illuminate\Foundation\Application->run()
#11 {main} [] []
[2014-11-21 07:03:04] production.ERROR: exception 'ReflectionException' with message 'Class comment does not exist' in /opt/lampp/htdocs/bur/bootstrap/compiled.php:235
Stack trace:
#0 /opt/lampp/htdocs/bur/bootstrap/compiled.php(235): ReflectionClass->__construct('comment')
#1 /opt/lampp/htdocs/bur/bootstrap/compiled.php(205): Illuminate\Container\Container->build('comment', Array)
#2 /opt/lampp/htdocs/bur/bootstrap/compiled.php(583): Illuminate\Container\Container->make('comment', Array)
#3 /opt/lampp/htdocs/bur/bootstrap/compiled.php(5771): Illuminate\Foundation\Application->make('comment')
#4 /opt/lampp/htdocs/bur/bootstrap/compiled.php(5760): Illuminate\Routing\ControllerDispatcher->makeController('comment')
#5 /opt/lampp/htdocs/bur/bootstrap/compiled.php(4971): Illuminate\Routing\ControllerDispatcher->dispatch(Object(Illuminate\Routing\Route), Object(Illuminate\Http\Request), 'comment', 'index')
#6 [internal function]: Illuminate\Routing\Router->Illuminate\Routing\{closure}()
#7 /opt/lampp/htdocs/bur/bootstrap/compiled.php(5329): call_user_func_array(Object(Closure), Array)
#8 /opt/lampp/htdocs/bur/bootstrap/compiled.php(4996): Illuminate\Routing\Route->run(Object(Illuminate\Http\Request))
#9 /opt/lampp/htdocs/bur/bootstrap/compiled.php(4984): Illuminate\Routing\Router->dispatchToRoute(Object(Illuminate\Http\Request))
#10 /opt/lampp/htdocs/bur/bootstrap/compiled.php(715): Illuminate\Routing\Router->dispatch(Object(Illuminate\Http\Request))
#11 /opt/lampp/htdocs/bur/bootstrap/compiled.php(696): Illuminate\Foundation\Application->dispatch(Object(Illuminate\Http\Request))
#12 /opt/lampp/htdocs/bur/bootstrap/compiled.php(7744): Illuminate\Foundation\Application->handle(Object(Illuminate\Http\Request), 1, true)
#13 /opt/lampp/htdocs/bur/bootstrap/compiled.php(8351): Illuminate\Session\Middleware->handle(Object(Illuminate\Http\Request), 1, true)
#14 /opt/lampp/htdocs/bur/bootstrap/compiled.php(8298): Illuminate\Cookie\Queue->handle(Object(Illuminate\Http\Request), 1, true)
#15 /opt/lampp/htdocs/bur/bootstrap/compiled.php(10961): Illuminate\Cookie\Guard->handle(Object(Illuminate\Http\Request), 1, true)
#16 /opt/lampp/htdocs/bur/bootstrap/compiled.php(657): Stack\StackedHttpKernel->handle(Object(Illuminate\Http\Request))
#17 /opt/lampp/htdocs/bur/public/index.php(49): Illuminate\Foundation\Application->run()
#18 {main} [] []
[2014-11-21 07:04:21] production.ERROR: exception 'ReflectionException' with message 'Class comment does not exist' in /opt/lampp/htdocs/bur/bootstrap/compiled.php:235
Stack trace:
#0 /opt/lampp/htdocs/bur/bootstrap/compiled.php(235): ReflectionClass->__construct('comment')
#1 /opt/lampp/htdocs/bur/bootstrap/compiled.php(205): Illuminate\Container\Container->build('comment', Array)
#2 /opt/lampp/htdocs/bur/bootstrap/compiled.php(583): Illuminate\Container\Container->make('comment', Array)
#3 /opt/lampp/htdocs/bur/bootstrap/compiled.php(5771): Illuminate\Foundation\Application->make('comment')
#4 /opt/lampp/htdocs/bur/bootstrap/compiled.php(5760): Illuminate\Routing\ControllerDispatcher->makeController('comment')
#5 /opt/lampp/htdocs/bur/bootstrap/compiled.php(4971): Illuminate\Routing\ControllerDispatcher->dispatch(Object(Illuminate\Routing\Route), Object(Illuminate\Http\Request), 'comment', 'index')
#6 [internal function]: Illuminate\Routing\Router->Illuminate\Routing\{closure}()
#7 /opt/lampp/htdocs/bur/bootstrap/compiled.php(5329): call_user_func_array(Object(Closure), Array)
#8 /opt/lampp/htdocs/bur/bootstrap/compiled.php(4996): Illuminate\Routing\Route->run(Object(Illuminate\Http\Request))
#9 /opt/lampp/htdocs/bur/bootstrap/compiled.php(4984): Illuminate\Routing\Router->dispatchToRoute(Object(Illuminate\Http\Request))
#10 /opt/lampp/htdocs/bur/bootstrap/compiled.php(715): Illuminate\Routing\Router->dispatch(Object(Illuminate\Http\Request))
#11 /opt/lampp/htdocs/bur/bootstrap/compiled.php(696): Illuminate\Foundation\Application->dispatch(Object(Illuminate\Http\Request))
#12 /opt/lampp/htdocs/bur/bootstrap/compiled.php(7744): Illuminate\Foundation\Application->handle(Object(Illuminate\Http\Request), 1, true)
#13 /opt/lampp/htdocs/bur/bootstrap/compiled.php(8351): Illuminate\Session\Middleware->handle(Object(Illuminate\Http\Request), 1, true)
#14 /opt/lampp/htdocs/bur/bootstrap/compiled.php(8298): Illuminate\Cookie\Queue->handle(Object(Illuminate\Http\Request), 1, true)
#15 /opt/lampp/htdocs/bur/bootstrap/compiled.php(10961): Illuminate\Cookie\Guard->handle(Object(Illuminate\Http\Request), 1, true)
#16 /opt/lampp/htdocs/bur/bootstrap/compiled.php(657): Stack\StackedHttpKernel->handle(Object(Illuminate\Http\Request))
#17 /opt/lampp/htdocs/bur/public/index.php(49): Illuminate\Foundation\Application->run()
#18 {main} [] []
[2014-11-21 07:05:43] production.ERROR: exception 'ReflectionException' with message 'Class comment does not exist' in /opt/lampp/htdocs/bur/vendor/laravel/framework/src/Illuminate/Container/Container.php:504
Stack trace:
#0 /opt/lampp/htdocs/bur/vendor/laravel/framework/src/Illuminate/Container/Container.php(504): ReflectionClass->__construct('comment')
#1 /opt/lampp/htdocs/bur/vendor/laravel/framework/src/Illuminate/Container/Container.php(428): Illuminate\Container\Container->build('comment', Array)
#2 /opt/lampp/htdocs/bur/vendor/laravel/framework/src/Illuminate/Foundation/Application.php(462): Illuminate\Container\Container->make('comment', Array)
#3 /opt/lampp/htdocs/bur/vendor/laravel/framework/src/Illuminate/Routing/ControllerDispatcher.php(78): Illuminate\Foundation\Application->make('comment')
#4 /opt/lampp/htdocs/bur/vendor/laravel/framework/src/Illuminate/Routing/ControllerDispatcher.php(51): Illuminate\Routing\ControllerDispatcher->makeController('comment')
#5 /opt/lampp/htdocs/bur/vendor/laravel/framework/src/Illuminate/Routing/Router.php(962): Illuminate\Routing\ControllerDispatcher->dispatch(Object(Illuminate\Routing\Route), Object(Illuminate\Http\Request), 'comment', 'index')
#6 [internal function]: Illuminate\Routing\Router->Illuminate\Routing\{closure}()
#7 /opt/lampp/htdocs/bur/vendor/laravel/framework/src/Illuminate/Routing/Route.php(109): call_user_func_array(Object(Closure), Array)
#8 /opt/lampp/htdocs/bur/vendor/laravel/framework/src/Illuminate/Routing/Router.php(1028): Illuminate\Routing\Route->run(Object(Illuminate\Http\Request))
#9 /opt/lampp/htdocs/bur/vendor/laravel/framework/src/Illuminate/Routing/Router.php(996): Illuminate\Routing\Router->dispatchToRoute(Object(Illuminate\Http\Request))
#10 /opt/lampp/htdocs/bur/vendor/laravel/framework/src/Illuminate/Foundation/Application.php(775): Illuminate\Routing\Router->dispatch(Object(Illuminate\Http\Request))
#11 /opt/lampp/htdocs/bur/vendor/laravel/framework/src/Illuminate/Foundation/Application.php(745): Illuminate\Foundation\Application->dispatch(Object(Illuminate\Http\Request))
#12 /opt/lampp/htdocs/bur/vendor/laravel/framework/src/Illuminate/Session/Middleware.php(72): Illuminate\Foundation\Application->handle(Object(Illuminate\Http\Request), 1, true)
#13 /opt/lampp/htdocs/bur/vendor/laravel/framework/src/Illuminate/Cookie/Queue.php(47): Illuminate\Session\Middleware->handle(Object(Illuminate\Http\Request), 1, true)
#14 /opt/lampp/htdocs/bur/vendor/laravel/framework/src/Illuminate/Cookie/Guard.php(51): Illuminate\Cookie\Queue->handle(Object(Illuminate\Http\Request), 1, true)
#15 /opt/lampp/htdocs/bur/vendor/stack/builder/src/Stack/StackedHttpKernel.php(23): Illuminate\Cookie\Guard->handle(Object(Illuminate\Http\Request), 1, true)
#16 /opt/lampp/htdocs/bur/vendor/laravel/framework/src/Illuminate/Foundation/Application.php(641): Stack\StackedHttpKernel->handle(Object(Illuminate\Http\Request))
#17 /opt/lampp/htdocs/bur/public/index.php(49): Illuminate\Foundation\Application->run()
#18 {main} [] []
[2014-11-21 07:07:42] production.ERROR: exception 'ReflectionException' with message 'Class comment does not exist' in /opt/lampp/htdocs/bur/vendor/laravel/framework/src/Illuminate/Container/Container.php:504
Stack trace:
#0 /opt/lampp/htdocs/bur/vendor/laravel/framework/src/Illuminate/Container/Container.php(504): ReflectionClass->__construct('comment')
#1 /opt/lampp/htdocs/bur/vendor/laravel/framework/src/Illuminate/Container/Container.php(428): Illuminate\Container\Container->build('comment', Array)
#2 /opt/lampp/htdocs/bur/vendor/laravel/framework/src/Illuminate/Foundation/Application.php(462): Illuminate\Container\Container->make('comment', Array)
#3 /opt/lampp/htdocs/bur/vendor/laravel/framework/src/Illuminate/Routing/ControllerDispatcher.php(78): Illuminate\Foundation\Application->make('comment')
#4 /opt/lampp/htdocs/bur/vendor/laravel/framework/src/Illuminate/Routing/ControllerDispatcher.php(51): Illuminate\Routing\ControllerDispatcher->makeController('comment')
#5 /opt/lampp/htdocs/bur/vendor/laravel/framework/src/Illuminate/Routing/Router.php(962): Illuminate\Routing\ControllerDispatcher->dispatch(Object(Illuminate\Routing\Route), Object(Illuminate\Http\Request), 'comment', 'index')
#6 [internal function]: Illuminate\Routing\Router->Illuminate\Routing\{closure}()
#7 /opt/lampp/htdocs/bur/vendor/laravel/framework/src/Illuminate/Routing/Route.php(109): call_user_func_array(Object(Closure), Array)
#8 /opt/lampp/htdocs/bur/vendor/laravel/framework/src/Illuminate/Routing/Router.php(1028): Illuminate\Routing\Route->run(Object(Illuminate\Http\Request))
#9 /opt/lampp/htdocs/bur/vendor/laravel/framework/src/Illuminate/Routing/Router.php(996): Illuminate\Routing\Router->dispatchToRoute(Object(Illuminate\Http\Request))
#10 /opt/lampp/htdocs/bur/vendor/laravel/framework/src/Illuminate/Foundation/Application.php(775): Illuminate\Routing\Router->dispatch(Object(Illuminate\Http\Request))
#11 /opt/lampp/htdocs/bur/vendor/laravel/framework/src/Illuminate/Foundation/Application.php(745): Illuminate\Foundation\Application->dispatch(Object(Illuminate\Http\Request))
#12 /opt/lampp/htdocs/bur/vendor/laravel/framework/src/Illuminate/Session/Middleware.php(72): Illuminate\Foundation\Application->handle(Object(Illuminate\Http\Request), 1, true)
#13 /opt/lampp/htdocs/bur/vendor/laravel/framework/src/Illuminate/Cookie/Queue.php(47): Illuminate\Session\Middleware->handle(Object(Illuminate\Http\Request), 1, true)
#14 /opt/lampp/htdocs/bur/vendor/laravel/framework/src/Illuminate/Cookie/Guard.php(51): Illuminate\Cookie\Queue->handle(Object(Illuminate\Http\Request), 1, true)
#15 /opt/lampp/htdocs/bur/vendor/stack/builder/src/Stack/StackedHttpKernel.php(23): Illuminate\Cookie\Guard->handle(Object(Illuminate\Http\Request), 1, true)
#16 /opt/lampp/htdocs/bur/vendor/laravel/framework/src/Illuminate/Foundation/Application.php(641): Stack\StackedHttpKernel->handle(Object(Illuminate\Http\Request))
#17 /opt/lampp/htdocs/bur/public/index.php(49): Illuminate\Foundation\Application->run()
#18 {main} [] []
[2014-11-21 07:10:17] production.ERROR: exception 'ReflectionException' with message 'Class comment does not exist' in /opt/lampp/htdocs/bur/vendor/laravel/framework/src/Illuminate/Container/Container.php:504
Stack trace:
#0 /opt/lampp/htdocs/bur/vendor/laravel/framework/src/Illuminate/Container/Container.php(504): ReflectionClass->__construct('comment')
#1 /opt/lampp/htdocs/bur/vendor/laravel/framework/src/Illuminate/Container/Container.php(428): Illuminate\Container\Container->build('comment', Array)
#2 /opt/lampp/htdocs/bur/vendor/laravel/framework/src/Illuminate/Foundation/Application.php(462): Illuminate\Container\Container->make('comment', Array)
#3 /opt/lampp/htdocs/bur/vendor/laravel/framework/src/Illuminate/Routing/ControllerDispatcher.php(78): Illuminate\Foundation\Application->make('comment')
#4 /opt/lampp/htdocs/bur/vendor/laravel/framework/src/Illuminate/Routing/ControllerDispatcher.php(51): Illuminate\Routing\ControllerDispatcher->makeController('comment')
#5 /opt/lampp/htdocs/bur/vendor/laravel/framework/src/Illuminate/Routing/Router.php(962): Illuminate\Routing\ControllerDispatcher->dispatch(Object(Illuminate\Routing\Route), Object(Illuminate\Http\Request), 'comment', 'index')
#6 [internal function]: Illuminate\Routing\Router->Illuminate\Routing\{closure}()
#7 /opt/lampp/htdocs/bur/vendor/laravel/framework/src/Illuminate/Routing/Route.php(109): call_user_func_array(Object(Closure), Array)
#8 /opt/lampp/htdocs/bur/vendor/laravel/framework/src/Illuminate/Routing/Router.php(1028): Illuminate\Routing\Route->run(Object(Illuminate\Http\Request))
#9 /opt/lampp/htdocs/bur/vendor/laravel/framework/src/Illuminate/Routing/Router.php(996): Illuminate\Routing\Router->dispatchToRoute(Object(Illuminate\Http\Request))
#10 /opt/lampp/htdocs/bur/vendor/laravel/framework/src/Illuminate/Foundation/Application.php(775): Illuminate\Routing\Router->dispatch(Object(Illuminate\Http\Request))
#11 /opt/lampp/htdocs/bur/vendor/laravel/framework/src/Illuminate/Foundation/Application.php(745): Illuminate\Foundation\Application->dispatch(Object(Illuminate\Http\Request))
#12 /opt/lampp/htdocs/bur/vendor/laravel/framework/src/Illuminate/Session/Middleware.php(72): Illuminate\Foundation\Application->handle(Object(Illuminate\Http\Request), 1, true)
#13 /opt/lampp/htdocs/bur/vendor/laravel/framework/src/Illuminate/Cookie/Queue.php(47): Illuminate\Session\Middleware->handle(Object(Illuminate\Http\Request), 1, true)
#14 /opt/lampp/htdocs/bur/vendor/laravel/framework/src/Illuminate/Cookie/Guard.php(51): Illuminate\Cookie\Queue->handle(Object(Illuminate\Http\Request), 1, true)
#15 /opt/lampp/htdocs/bur/vendor/stack/builder/src/Stack/StackedHttpKernel.php(23): Illuminate\Cookie\Guard->handle(Object(Illuminate\Http\Request), 1, true)
#16 /opt/lampp/htdocs/bur/vendor/laravel/framework/src/Illuminate/Foundation/Application.php(641): Stack\StackedHttpKernel->handle(Object(Illuminate\Http\Request))
#17 /opt/lampp/htdocs/bur/public/index.php(49): Illuminate\Foundation\Application->run()
#18 {main} [] []
[2014-11-21 07:11:48] production.ERROR: exception 'ReflectionException' with message 'Class comment does not exist' in /opt/lampp/htdocs/bur/vendor/laravel/framework/src/Illuminate/Container/Container.php:504
Stack trace:
#0 /opt/lampp/htdocs/bur/vendor/laravel/framework/src/Illuminate/Container/Container.php(504): ReflectionClass->__construct('comment')
#1 /opt/lampp/htdocs/bur/vendor/laravel/framework/src/Illuminate/Container/Container.php(428): Illuminate\Container\Container->build('comment', Array)
#2 /opt/lampp/htdocs/bur/vendor/laravel/framework/src/Illuminate/Foundation/Application.php(462): Illuminate\Container\Container->make('comment', Array)
#3 /opt/lampp/htdocs/bur/vendor/laravel/framework/src/Illuminate/Routing/ControllerDispatcher.php(78): Illuminate\Foundation\Application->make('comment')
#4 /opt/lampp/htdocs/bur/vendor/laravel/framework/src/Illuminate/Routing/ControllerDispatcher.php(51): Illuminate\Routing\ControllerDispatcher->makeController('comment')
#5 /opt/lampp/htdocs/bur/vendor/laravel/framework/src/Illuminate/Routing/Router.php(962): Illuminate\Routing\ControllerDispatcher->dispatch(Object(Illuminate\Routing\Route), Object(Illuminate\Http\Request), 'comment', 'get_index')
#6 [internal function]: Illuminate\Routing\Router->Illuminate\Routing\{closure}()
#7 /opt/lampp/htdocs/bur/vendor/laravel/framework/src/Illuminate/Routing/Route.php(109): call_user_func_array(Object(Closure), Array)
#8 /opt/lampp/htdocs/bur/vendor/laravel/framework/src/Illuminate/Routing/Router.php(1028): Illuminate\Routing\Route->run(Object(Illuminate\Http\Request))
#9 /opt/lampp/htdocs/bur/vendor/laravel/framework/src/Illuminate/Routing/Router.php(996): Illuminate\Routing\Router->dispatchToRoute(Object(Illuminate\Http\Request))
#10 /opt/lampp/htdocs/bur/vendor/laravel/framework/src/Illuminate/Foundation/Application.php(775): Illuminate\Routing\Router->dispatch(Object(Illuminate\Http\Request))
#11 /opt/lampp/htdocs/bur/vendor/laravel/framework/src/Illuminate/Foundation/Application.php(745): Illuminate\Foundation\Application->dispatch(Object(Illuminate\Http\Request))
#12 /opt/lampp/htdocs/bur/vendor/laravel/framework/src/Illuminate/Session/Middleware.php(72): Illuminate\Foundation\Application->handle(Object(Illuminate\Http\Request), 1, true)
#13 /opt/lampp/htdocs/bur/vendor/laravel/framework/src/Illuminate/Cookie/Queue.php(47): Illuminate\Session\Middleware->handle(Object(Illuminate\Http\Request), 1, true)
#14 /opt/lampp/htdocs/bur/vendor/laravel/framework/src/Illuminate/Cookie/Guard.php(51): Illuminate\Cookie\Queue->handle(Object(Illuminate\Http\Request), 1, true)
#15 /opt/lampp/htdocs/bur/vendor/stack/builder/src/Stack/StackedHttpKernel.php(23): Illuminate\Cookie\Guard->handle(Object(Illuminate\Http\Request), 1, true)
#16 /opt/lampp/htdocs/bur/vendor/laravel/framework/src/Illuminate/Foundation/Application.php(641): Stack\StackedHttpKernel->handle(Object(Illuminate\Http\Request))
#17 /opt/lampp/htdocs/bur/public/index.php(49): Illuminate\Foundation\Application->run()
#18 {main} [] []
[2014-11-21 07:13:28] production.ERROR: exception 'ReflectionException' with message 'Class Comment does not exist' in /opt/lampp/htdocs/bur/vendor/laravel/framework/src/Illuminate/Container/Container.php:504
Stack trace:
#0 /opt/lampp/htdocs/bur/vendor/laravel/framework/src/Illuminate/Container/Container.php(504): ReflectionClass->__construct('Comment')
#1 /opt/lampp/htdocs/bur/vendor/laravel/framework/src/Illuminate/Container/Container.php(428): Illuminate\Container\Container->build('Comment', Array)
#2 /opt/lampp/htdocs/bur/vendor/laravel/framework/src/Illuminate/Foundation/Application.php(462): Illuminate\Container\Container->make('Comment', Array)
#3 /opt/lampp/htdocs/bur/vendor/laravel/framework/src/Illuminate/Routing/ControllerDispatcher.php(78): Illuminate\Foundation\Application->make('Comment')
#4 /opt/lampp/htdocs/bur/vendor/laravel/framework/src/Illuminate/Routing/ControllerDispatcher.php(51): Illuminate\Routing\ControllerDispatcher->makeController('Comment')
#5 /opt/lampp/htdocs/bur/vendor/laravel/framework/src/Illuminate/Routing/Router.php(962): Illuminate\Routing\ControllerDispatcher->dispatch(Object(Illuminate\Routing\Route), Object(Illuminate\Http\Request), 'Comment', 'get_index')
#6 [internal function]: Illuminate\Routing\Router->Illuminate\Routing\{closure}()
#7 /opt/lampp/htdocs/bur/vendor/laravel/framework/src/Illuminate/Routing/Route.php(109): call_user_func_array(Object(Closure), Array)
#8 /opt/lampp/htdocs/bur/vendor/laravel/framework/src/Illuminate/Routing/Router.php(1028): Illuminate\Routing\Route->run(Object(Illuminate\Http\Request))
#9 /opt/lampp/htdocs/bur/vendor/laravel/framework/src/Illuminate/Routing/Router.php(996): Illuminate\Routing\Router->dispatchToRoute(Object(Illuminate\Http\Request))
#10 /opt/lampp/htdocs/bur/vendor/laravel/framework/src/Illuminate/Foundation/Application.php(775): Illuminate\Routing\Router->dispatch(Object(Illuminate\Http\Request))
#11 /opt/lampp/htdocs/bur/vendor/laravel/framework/src/Illuminate/Foundation/Application.php(745): Illuminate\Foundation\Application->dispatch(Object(Illuminate\Http\Request))
#12 /opt/lampp/htdocs/bur/vendor/laravel/framework/src/Illuminate/Session/Middleware.php(72): Illuminate\Foundation\Application->handle(Object(Illuminate\Http\Request), 1, true)
#13 /opt/lampp/htdocs/bur/vendor/laravel/framework/src/Illuminate/Cookie/Queue.php(47): Illuminate\Session\Middleware->handle(Object(Illuminate\Http\Request), 1, true)
#14 /opt/lampp/htdocs/bur/vendor/laravel/framework/src/Illuminate/Cookie/Guard.php(51): Illuminate\Cookie\Queue->handle(Object(Illuminate\Http\Request), 1, true)
#15 /opt/lampp/htdocs/bur/vendor/stack/builder/src/Stack/StackedHttpKernel.php(23): Illuminate\Cookie\Guard->handle(Object(Illuminate\Http\Request), 1, true)
#16 /opt/lampp/htdocs/bur/vendor/laravel/framework/src/Illuminate/Foundation/Application.php(641): Stack\StackedHttpKernel->handle(Object(Illuminate\Http\Request))
#17 /opt/lampp/htdocs/bur/public/index.php(49): Illuminate\Foundation\Application->run()
#18 {main} [] []
[2014-11-21 07:14:51] production.ERROR: exception 'ReflectionException' with message 'Class Comment does not exist' in /opt/lampp/htdocs/bur/vendor/laravel/framework/src/Illuminate/Container/Container.php:504
Stack trace:
#0 /opt/lampp/htdocs/bur/vendor/laravel/framework/src/Illuminate/Container/Container.php(504): ReflectionClass->__construct('Comment')
#1 /opt/lampp/htdocs/bur/vendor/laravel/framework/src/Illuminate/Container/Container.php(428): Illuminate\Container\Container->build('Comment', Array)
#2 /opt/lampp/htdocs/bur/vendor/laravel/framework/src/Illuminate/Foundation/Application.php(462): Illuminate\Container\Container->make('Comment', Array)
#3 /opt/lampp/htdocs/bur/vendor/laravel/framework/src/Illuminate/Routing/ControllerDispatcher.php(78): Illuminate\Foundation\Application->make('Comment')
#4 /opt/lampp/htdocs/bur/vendor/laravel/framework/src/Illuminate/Routing/ControllerDispatcher.php(51): Illuminate\Routing\ControllerDispatcher->makeController('Comment')
#5 /opt/lampp/htdocs/bur/vendor/laravel/framework/src/Illuminate/Routing/Router.php(962): Illuminate\Routing\ControllerDispatcher->dispatch(Object(Illuminate\Routing\Route), Object(Illuminate\Http\Request), 'Comment', 'get_index')
#6 [internal function]: Illuminate\Routing\Router->Illuminate\Routing\{closure}()
#7 /opt/lampp/htdocs/bur/vendor/laravel/framework/src/Illuminate/Routing/Route.php(109): call_user_func_array(Object(Closure), Array)
#8 /opt/lampp/htdocs/bur/vendor/laravel/framework/src/Illuminate/Routing/Router.php(1028): Illuminate\Routing\Route->run(Object(Illuminate\Http\Request))
#9 /opt/lampp/htdocs/bur/vendor/laravel/framework/src/Illuminate/Routing/Router.php(996): Illuminate\Routing\Router->dispatchToRoute(Object(Illuminate\Http\Request))
#10 /opt/lampp/htdocs/bur/vendor/laravel/framework/src/Illuminate/Foundation/Application.php(775): Illuminate\Routing\Router->dispatch(Object(Illuminate\Http\Request))
#11 /opt/lampp/htdocs/bur/vendor/laravel/framework/src/Illuminate/Foundation/Application.php(745): Illuminate\Foundation\Application->dispatch(Object(Illuminate\Http\Request))
#12 /opt/lampp/htdocs/bur/vendor/laravel/framework/src/Illuminate/Session/Middleware.php(72): Illuminate\Foundation\Application->handle(Object(Illuminate\Http\Request), 1, true)
#13 /opt/lampp/htdocs/bur/vendor/laravel/framework/src/Illuminate/Cookie/Queue.php(47): Illuminate\Session\Middleware->handle(Object(Illuminate\Http\Request), 1, true)
#14 /opt/lampp/htdocs/bur/vendor/laravel/framework/src/Illuminate/Cookie/Guard.php(51): Illuminate\Cookie\Queue->handle(Object(Illuminate\Http\Request), 1, true)
#15 /opt/lampp/htdocs/bur/vendor/stack/builder/src/Stack/StackedHttpKernel.php(23): Illuminate\Cookie\Guard->handle(Object(Illuminate\Http\Request), 1, true)
#16 /opt/lampp/htdocs/bur/vendor/laravel/framework/src/Illuminate/Foundation/Application.php(641): Stack\StackedHttpKernel->handle(Object(Illuminate\Http\Request))
#17 /opt/lampp/htdocs/bur/public/index.php(49): Illuminate\Foundation\Application->run()
#18 {main} [] []
[2014-11-21 07:16:56] production.ERROR: exception 'BadMethodCallException' with message 'Method [index] does not exist.' in /opt/lampp/htdocs/bur/vendor/laravel/framework/src/Illuminate/Routing/Controller.php:268
Stack trace:
#0 [internal function]: Illuminate\Routing\Controller->__call('index', Array)
#1 [internal function]: CommentController->index()
#2 /opt/lampp/htdocs/bur/vendor/laravel/framework/src/Illuminate/Routing/Controller.php(231): call_user_func_array(Array, Array)
#3 /opt/lampp/htdocs/bur/vendor/laravel/framework/src/Illuminate/Routing/ControllerDispatcher.php(93): Illuminate\Routing\Controller->callAction('index', Array)
#4 /opt/lampp/htdocs/bur/vendor/laravel/framework/src/Illuminate/Routing/ControllerDispatcher.php(62): Illuminate\Routing\ControllerDispatcher->call(Object(CommentController), Object(Illuminate\Routing\Route), 'index')
#5 /opt/lampp/htdocs/bur/vendor/laravel/framework/src/Illuminate/Routing/Router.php(962): Illuminate\Routing\ControllerDispatcher->dispatch(Object(Illuminate\Routing\Route), Object(Illuminate\Http\Request), 'CommentControll...', 'index')
#6 [internal function]: Illuminate\Routing\Router->Illuminate\Routing\{closure}()
#7 /opt/lampp/htdocs/bur/vendor/laravel/framework/src/Illuminate/Routing/Route.php(109): call_user_func_array(Object(Closure), Array)
#8 /opt/lampp/htdocs/bur/vendor/laravel/framework/src/Illuminate/Routing/Router.php(1028): Illuminate\Routing\Route->run(Object(Illuminate\Http\Request))
#9 /opt/lampp/htdocs/bur/vendor/laravel/framework/src/Illuminate/Routing/Router.php(996): Illuminate\Routing\Router->dispatchToRoute(Object(Illuminate\Http\Request))
#10 /opt/lampp/htdocs/bur/vendor/laravel/framework/src/Illuminate/Foundation/Application.php(775): Illuminate\Routing\Router->dispatch(Object(Illuminate\Http\Request))
#11 /opt/lampp/htdocs/bur/vendor/laravel/framework/src/Illuminate/Foundation/Application.php(745): Illuminate\Foundation\Application->dispatch(Object(Illuminate\Http\Request))
#12 /opt/lampp/htdocs/bur/vendor/laravel/framework/src/Illuminate/Session/Middleware.php(72): Illuminate\Foundation\Application->handle(Object(Illuminate\Http\Request), 1, true)
#13 /opt/lampp/htdocs/bur/vendor/laravel/framework/src/Illuminate/Cookie/Queue.php(47): Illuminate\Session\Middleware->handle(Object(Illuminate\Http\Request), 1, true)
#14 /opt/lampp/htdocs/bur/vendor/laravel/framework/src/Illuminate/Cookie/Guard.php(51): Illuminate\Cookie\Queue->handle(Object(Illuminate\Http\Request), 1, true)
#15 /opt/lampp/htdocs/bur/vendor/stack/builder/src/Stack/StackedHttpKernel.php(23): Illuminate\Cookie\Guard->handle(Object(Illuminate\Http\Request), 1, true)
#16 /opt/lampp/htdocs/bur/vendor/laravel/framework/src/Illuminate/Foundation/Application.php(641): Stack\StackedHttpKernel->handle(Object(Illuminate\Http\Request))
#17 /opt/lampp/htdocs/bur/public/index.php(49): Illuminate\Foundation\Application->run()
#18 {main} [] []
